[[1;34mINFO[m] Scanning for projects...
[[1;34mINFO[m] 
[[1;34mINFO[m] [1m-------------< [0;36mio.github.hiwepy:axis-spring-boot-starter[0;1m >-------------[m
[[1;34mINFO[m] [1mBuilding io.github.hiwepy:axis-spring-boot-starter 2.3.x.20240823.RELEASE[m
[[1;34mINFO[m] [1m--------------------------------[ jar ]---------------------------------[m
Downloading from aiban-tianyin-core: https://aiban-maven.pkg.coding.net/repository/tianyin/core/org/apache/commons/commons-parent/20/commons-parent-20.pom
Downloaded from aiban-tianyin-core: https://aiban-maven.pkg.coding.net/repository/tianyin/core/org/apache/commons/commons-parent/20/commons-parent-20.pom (0 B at 0 B/s)
Downloading from aiban-tianyin-core: https://aiban-maven.pkg.coding.net/repository/tianyin/core/com/sun/mail/javax.mail/1.6.2/javax.mail-1.6.2.pom
Downloaded from aiban-tianyin-core: https://aiban-maven.pkg.coding.net/repository/tianyin/core/com/sun/mail/javax.mail/1.6.2/javax.mail-1.6.2.pom (0 B at 0 B/s)
Downloading from aiban-tianyin-core: https://aiban-maven.pkg.coding.net/repository/tianyin/core/com/sun/mail/all/1.6.2/all-1.6.2.pom
Downloaded from aiban-tianyin-core: https://aiban-maven.pkg.coding.net/repository/tianyin/core/com/sun/mail/all/1.6.2/all-1.6.2.pom (0 B at 0 B/s)
Downloading from aiban-tianyin-core: https://aiban-maven.pkg.coding.net/repository/tianyin/core/javax/activation/activation/1.1/activation-1.1.pom
Downloaded from aiban-tianyin-core: https://aiban-maven.pkg.coding.net/repository/tianyin/core/javax/activation/activation/1.1/activation-1.1.pom (0 B at 0 B/s)
Downloading from aiban-tianyin-core: https://aiban-maven.pkg.coding.net/repository/tianyin/core/axis/axis-schema/1.3/axis-schema-1.3.pom
Progress (1): 147 B
                   
Downloaded from aiban-tianyin-core: https://aiban-maven.pkg.coding.net/repository/tianyin/core/axis/axis-schema/1.3/axis-schema-1.3.pom (147 B at 311 B/s)
Downloading from aiban-tianyin-core: https://aiban-maven.pkg.coding.net/repository/tianyin/core/org/apache/axis/axis/1.4/axis-1.4.pom
Progress (1): 343 B
                   
Downloaded from aiban-tianyin-core: https://aiban-maven.pkg.coding.net/repository/tianyin/core/org/apache/axis/axis/1.4/axis-1.4.pom (343 B at 1.2 kB/s)
Downloading from aiban-tianyin-core: https://aiban-maven.pkg.coding.net/repository/tianyin/core/org/apache/axis/axis-ant/1.4/axis-ant-1.4.pom
Progress (1): 347 B
                   
Downloaded from aiban-tianyin-core: https://aiban-maven.pkg.coding.net/repository/tianyin/core/org/apache/axis/axis-ant/1.4/axis-ant-1.4.pom (347 B at 861 B/s)
Downloading from aiban-tianyin-core: https://aiban-maven.pkg.coding.net/repository/tianyin/core/org/apache/axis/axis-jaxrpc/1.4/axis-jaxrpc-1.4.pom
Progress (1): 350 B
                   
Downloaded from aiban-tianyin-core: https://aiban-maven.pkg.coding.net/repository/tianyin/core/org/apache/axis/axis-jaxrpc/1.4/axis-jaxrpc-1.4.pom (350 B at 918 B/s)
Downloading from aiban-tianyin-core: https://aiban-maven.pkg.coding.net/repository/tianyin/core/org/apache/axis/axis-saaj/1.4/axis-saaj-1.4.pom
Progress (1): 348 B
                   
Downloaded from aiban-tianyin-core: https://aiban-maven.pkg.coding.net/repository/tianyin/core/org/apache/axis/axis-saaj/1.4/axis-saaj-1.4.pom (348 B at 948 B/s)
Downloading from aiban-tianyin-core: https://aiban-maven.pkg.coding.net/repository/tianyin/core/commons-discovery/commons-discovery/0.5/commons-discovery-0.5.jar
Downloading from aiban-tianyin-core: https://aiban-maven.pkg.coding.net/repository/tianyin/core/org/apache/axis/axis-ant/1.4/axis-ant-1.4.jar
Downloading from aiban-tianyin-core: https://aiban-maven.pkg.coding.net/repository/tianyin/core/org/apache/axis/axis/1.4/axis-1.4.jar
Downloading from aiban-tianyin-core: https://aiban-maven.pkg.coding.net/repository/tianyin/core/axis/axis-schema/1.3/axis-schema-1.3.jar
Downloading from aiban-tianyin-core: https://aiban-maven.pkg.coding.net/repository/tianyin/core/com/sun/mail/javax.mail/1.6.2/javax.mail-1.6.2.jar
Downloaded from aiban-tianyin-core: https://aiban-maven.pkg.coding.net/repository/tianyin/core/commons-discovery/commons-discovery/0.5/commons-discovery-0.5.jar (0 B at 0 B/s)
Downloading from aiban-tianyin-core: https://aiban-maven.pkg.coding.net/repository/tianyin/core/org/apache/axis/axis-jaxrpc/1.4/axis-jaxrpc-1.4.jar
Progress (1): 2.6 kB
Progress (1): 6.7 kB
Progress (1): 11 kB 
Progress (2): 11 kB | 3.8 kB
Progress (2): 15 kB | 3.8 kB
Progress (2): 15 kB | 7.9 kB
Progress (2): 15 kB | 11 kB 
Progress (2): 19 kB | 11 kB
Progress (2): 22 kB | 11 kB
Progress (2): 26 kB | 11 kB
Progress (2): 29 kB | 11 kB
Progress (2): 32 kB | 11 kB
Progress (2): 35 kB | 11 kB
Progress (2): 38 kB | 11 kB
Progress (2): 40 kB | 11 kB
Progress (2): 43 kB | 11 kB
Progress (2): 47 kB | 11 kB
Progress (2): 51 kB | 11 kB
Progress (2): 54 kB | 11 kB
Progress (2): 58 kB | 11 kB
Progress (2): 62 kB | 11 kB
Progress (2): 62 kB | 15 kB
Progress (2): 66 kB | 15 kB
Progress (2): 66 kB | 19 kB
Progress (2): 70 kB | 19 kB
Progress (2): 70 kB | 23 kB
Progress (2): 75 kB | 23 kB
Progress (2): 75 kB | 27 kB
Progress (2): 79 kB | 27 kB
Progress (2): 79 kB | 31 kB
Progress (2): 79 kB | 33 kB
Progress (2): 83 kB | 33 kB
Progress (2): 87 kB | 33 kB
Progress (2): 91 kB | 33 kB
Progress (2): 95 kB | 33 kB
Progress (2): 99 kB | 33 kB
Progress (2): 103 kB | 33 kB
Progress (2): 107 kB | 33 kB
Progress (2): 111 kB | 33 kB
Progress (2): 115 kB | 33 kB
Progress (2): 120 kB | 33 kB
Progress (2): 124 kB | 33 kB
Progress (2): 128 kB | 33 kB
Progress (2): 132 kB | 33 kB
Progress (2): 136 kB | 33 kB
Progress (2): 140 kB | 33 kB
Progress (2): 144 kB | 33 kB
Progress (2): 148 kB | 33 kB
Progress (2): 152 kB | 33 kB
Progress (2): 156 kB | 33 kB
Progress (2): 160 kB | 33 kB
Progress (2): 165 kB | 33 kB
Progress (2): 169 kB | 33 kB
Progress (2): 173 kB | 33 kB
Progress (2): 177 kB | 33 kB
Progress (2): 181 kB | 33 kB
Progress (2): 185 kB | 33 kB
Progress (2): 189 kB | 33 kB
Progress (2): 193 kB | 33 kB
Progress (2): 197 kB | 33 kB
Progress (2): 201 kB | 33 kB
Progress (2): 206 kB | 33 kB
Progress (2): 210 kB | 33 kB
Progress (2): 214 kB | 33 kB
Progress (2): 218 kB | 33 kB
Progress (2): 222 kB | 33 kB
Progress (2): 226 kB | 33 kB
Progress (2): 230 kB | 33 kB
Progress (2): 234 kB | 33 kB
Progress (2): 238 kB | 33 kB
Progress (2): 242 kB | 33 kB
Progress (2): 246 kB | 33 kB
Progress (2): 251 kB | 33 kB
Progress (2): 255 kB | 33 kB
Progress (2): 259 kB | 33 kB
Progress (2): 263 kB | 33 kB
Progress (2): 267 kB | 33 kB
Progress (2): 271 kB | 33 kB
Progress (2): 275 kB | 33 kB
Progress (2): 279 kB | 33 kB
Progress (2): 283 kB | 33 kB
Progress (2): 287 kB | 33 kB
Progress (2): 292 kB | 33 kB
Progress (2): 296 kB | 33 kB
Progress (2): 300 kB | 33 kB
Progress (2): 304 kB | 33 kB
Progress (2): 308 kB | 33 kB
Progress (2): 312 kB | 33 kB
Progress (2): 316 kB | 33 kB
Progress (2): 320 kB | 33 kB
Progress (2): 324 kB | 33 kB
Progress (2): 328 kB | 33 kB
Progress (2): 332 kB | 33 kB
Progress (2): 337 kB | 33 kB
Progress (2): 341 kB | 33 kB
Progress (2): 345 kB | 33 kB
Progress (2): 349 kB | 33 kB
Progress (2): 353 kB | 33 kB
Progress (2): 357 kB | 33 kB
Progress (2): 361 kB | 33 kB
Progress (2): 365 kB | 33 kB
Progress (2): 369 kB | 33 kB
Progress (2): 373 kB | 33 kB
Progress (2): 378 kB | 33 kB
Progress (2): 382 kB | 33 kB
Progress (2): 386 kB | 33 kB
Progress (2): 390 kB | 33 kB
Progress (2): 394 kB | 33 kB
Progress (2): 398 kB | 33 kB
Progress (2): 402 kB | 33 kB
Progress (2): 406 kB | 33 kB
Progress (2): 410 kB | 33 kB
Progress (2): 414 kB | 33 kB
Progress (2): 418 kB | 33 kB
Progress (2): 423 kB | 33 kB
Progress (2): 427 kB | 33 kB
Progress (2): 431 kB | 33 kB
Progress (2): 435 kB | 33 kB
Progress (2): 439 kB | 33 kB
Progress (2): 443 kB | 33 kB
Progress (2): 447 kB | 33 kB
Progress (2): 451 kB | 33 kB
Progress (2): 455 kB | 33 kB
Progress (2): 459 kB | 33 kB
Progress (2): 464 kB | 33 kB
Progress (2): 468 kB | 33 kB
Progress (2): 472 kB | 33 kB
Progress (2): 476 kB | 33 kB
Progress (2): 480 kB | 33 kB
Progress (2): 484 kB | 33 kB
Progress (2): 488 kB | 33 kB
Progress (2): 492 kB | 33 kB
Progress (2): 496 kB | 33 kB
Progress (2): 500 kB | 33 kB
Progress (2): 504 kB | 33 kB
Progress (2): 509 kB | 33 kB
Progress (2): 513 kB | 33 kB
Progress (2): 517 kB | 33 kB
Progress (2): 521 kB | 33 kB
Progress (2): 525 kB | 33 kB
Progress (2): 529 kB | 33 kB
Progress (2): 533 kB | 33 kB
Progress (2): 537 kB | 33 kB
Progress (2): 541 kB | 33 kB
Progress (2): 545 kB | 33 kB
Progress (2): 549 kB | 33 kB
Progress (2): 554 kB | 33 kB
Progress (2): 558 kB | 33 kB
Progress (2): 562 kB | 33 kB
Progress (2): 566 kB | 33 kB
Progress (2): 570 kB | 33 kB
Progress (3): 570 kB | 33 kB | 4.1 kB
Progress (3): 570 kB | 33 kB | 8.2 kB
Progress (3): 570 kB | 33 kB | 11 kB 
Progress (3): 574 kB | 33 kB | 11 kB
Progress (3): 578 kB | 33 kB | 11 kB
Progress (3): 582 kB | 33 kB | 11 kB
Progress (3): 586 kB | 33 kB | 11 kB
Progress (3): 590 kB | 33 kB | 11 kB
Progress (3): 594 kB | 33 kB | 11 kB
Progress (3): 599 kB | 33 kB | 11 kB
Progress (3): 603 kB | 33 kB | 11 kB
Progress (3): 607 kB | 33 kB | 11 kB
Progress (3): 611 kB | 33 kB | 11 kB
Progress (3): 615 kB | 33 kB | 11 kB
Progress (3): 619 kB | 33 kB | 11 kB
Progress (3): 623 kB | 33 kB | 11 kB
Progress (3): 627 kB | 33 kB | 11 kB
Progress (3): 631 kB | 33 kB | 11 kB
Progress (3): 635 kB | 33 kB | 11 kB
Progress (3): 639 kB | 33 kB | 11 kB
Progress (3): 644 kB | 33 kB | 11 kB
Progress (3): 648 kB | 33 kB | 11 kB
Progress (3): 652 kB | 33 kB | 11 kB
Progress (3): 656 kB | 33 kB | 11 kB
Progress (3): 660 kB | 33 kB | 11 kB
Progress (3): 664 kB | 33 kB | 11 kB
Progress (3): 668 kB | 33 kB | 11 kB
Progress (3): 672 kB | 33 kB | 11 kB
Progress (3): 676 kB | 33 kB | 11 kB
Progress (3): 680 kB | 33 kB | 11 kB
Progress (3): 685 kB | 33 kB | 11 kB
Progress (3): 689 kB | 33 kB | 11 kB
Progress (3): 693 kB | 33 kB | 11 kB
Progress (3): 697 kB | 33 kB | 11 kB
Progress (3): 701 kB | 33 kB | 11 kB
Progress (3): 705 kB | 33 kB | 11 kB
Progress (3): 709 kB | 33 kB | 11 kB
Progress (3): 713 kB | 33 kB | 11 kB
Progress (3): 717 kB | 33 kB | 11 kB
Progress (3): 721 kB | 33 kB | 11 kB
Progress (3): 725 kB | 33 kB | 11 kB
Progress (3): 730 kB | 33 kB | 11 kB
Progress (3): 734 kB | 33 kB | 11 kB
Progress (3): 738 kB | 33 kB | 11 kB
Progress (3): 742 kB | 33 kB | 11 kB
Progress (3): 746 kB | 33 kB | 11 kB
Progress (3): 750 kB | 33 kB | 11 kB
Progress (3): 754 kB | 33 kB | 11 kB
Progress (3): 758 kB | 33 kB | 11 kB
Progress (3): 762 kB | 33 kB | 11 kB
Progress (3): 766 kB | 33 kB | 11 kB
Progress (3): 771 kB | 33 kB | 11 kB
Progress (3): 775 kB | 33 kB | 11 kB
Progress (3): 779 kB | 33 kB | 11 kB
Progress (3): 783 kB | 33 kB | 11 kB
Progress (3): 787 kB | 33 kB | 11 kB
Progress (3): 787 kB | 33 kB | 14 kB
Progress (3): 787 kB | 33 kB | 17 kB
Progress (3): 787 kB | 33 kB | 21 kB
Progress (3): 787 kB | 33 kB | 25 kB
Progress (3): 787 kB | 33 kB | 29 kB
Progress (3): 787 kB | 33 kB | 32 kB
Progress (3): 787 kB | 33 kB | 36 kB
Progress (3): 791 kB | 33 kB | 36 kB
Progress (3): 795 kB | 33 kB | 36 kB
Progress (3): 799 kB | 33 kB | 36 kB
Progress (3): 803 kB | 33 kB | 36 kB
Progress (3): 807 kB | 33 kB | 36 kB
Progress (3): 812 kB | 33 kB | 36 kB
Progress (3): 816 kB | 33 kB | 36 kB
Progress (3): 820 kB | 33 kB | 36 kB
Progress (3): 824 kB | 33 kB | 36 kB
Progress (3): 828 kB | 33 kB | 36 kB
Progress (3): 832 kB | 33 kB | 36 kB
Progress (3): 836 kB | 33 kB | 36 kB
Progress (3): 840 kB | 33 kB | 36 kB
Progress (3): 844 kB | 33 kB | 36 kB
Progress (3): 848 kB | 33 kB | 36 kB
Progress (3): 852 kB | 33 kB | 36 kB
Progress (3): 857 kB | 33 kB | 36 kB
Progress (3): 861 kB | 33 kB | 36 kB
Progress (3): 865 kB | 33 kB | 36 kB
Progress (3): 869 kB | 33 kB | 36 kB
Progress (3): 873 kB | 33 kB | 36 kB
Progress (3): 877 kB | 33 kB | 36 kB
Progress (3): 881 kB | 33 kB | 36 kB
Progress (3): 885 kB | 33 kB | 36 kB
Progress (3): 889 kB | 33 kB | 36 kB
Progress (3): 893 kB | 33 kB | 36 kB
Progress (3): 898 kB | 33 kB | 36 kB
Progress (3): 902 kB | 33 kB | 36 kB
Progress (3): 906 kB | 33 kB | 36 kB
Progress (3): 910 kB | 33 kB | 36 kB
Progress (3): 914 kB | 33 kB | 36 kB
Progress (3): 918 kB | 33 kB | 36 kB
Progress (3): 922 kB | 33 kB | 36 kB
Progress (3): 926 kB | 33 kB | 36 kB
Progress (3): 930 kB | 33 kB | 36 kB
Progress (3): 934 kB | 33 kB | 36 kB
Progress (3): 938 kB | 33 kB | 36 kB
Progress (3): 943 kB | 33 kB | 36 kB
Progress (3): 947 kB | 33 kB | 36 kB
Progress (3): 951 kB | 33 kB | 36 kB
Progress (3): 955 kB | 33 kB | 36 kB
Progress (3): 959 kB | 33 kB | 36 kB
Progress (3): 963 kB | 33 kB | 36 kB
Progress (3): 967 kB | 33 kB | 36 kB
Progress (3): 971 kB | 33 kB | 36 kB
Progress (3): 975 kB | 33 kB | 36 kB
Progress (3): 979 kB | 33 kB | 36 kB
Progress (3): 984 kB | 33 kB | 36 kB
Progress (3): 988 kB | 33 kB | 36 kB
Progress (3): 992 kB | 33 kB | 36 kB
Progress (3): 996 kB | 33 kB | 36 kB
Progress (3): 1000 kB | 33 kB | 36 kB
Progress (3): 1.0 MB | 33 kB | 36 kB 
Progress (3): 1.0 MB | 33 kB | 36 kB
Progress (3): 1.0 MB | 33 kB | 36 kB
Progress (3): 1.0 MB | 33 kB | 36 kB
Progress (3): 1.0 MB | 33 kB | 36 kB
Progress (3): 1.0 MB | 33 kB | 36 kB
Progress (3): 1.0 MB | 33 kB | 36 kB
Progress (3): 1.0 MB | 33 kB | 36 kB
Progress (3): 1.0 MB | 33 kB | 36 kB
Progress (3): 1.0 MB | 33 kB | 36 kB
Progress (3): 1.0 MB | 33 kB | 36 kB
Progress (3): 1.0 MB | 33 kB | 36 kB
Progress (3): 1.1 MB | 33 kB | 36 kB
Progress (3): 1.1 MB | 33 kB | 36 kB
Progress (3): 1.1 MB | 33 kB | 36 kB
Progress (3): 1.1 MB | 33 kB | 36 kB
Progress (3): 1.1 MB | 33 kB | 36 kB
Progress (3): 1.1 MB | 33 kB | 36 kB
Progress (3): 1.1 MB | 33 kB | 36 kB
Progress (3): 1.1 MB | 33 kB | 36 kB
Progress (3): 1.1 MB | 33 kB | 36 kB
Progress (3): 1.1 MB | 33 kB | 36 kB
Progress (3): 1.1 MB | 33 kB | 36 kB
Progress (3): 1.1 MB | 33 kB | 36 kB
Progress (3): 1.1 MB | 33 kB | 36 kB
Progress (3): 1.1 MB | 33 kB | 36 kB
Progress (3): 1.1 MB | 33 kB | 36 kB
Progress (3): 1.1 MB | 33 kB | 36 kB
Progress (3): 1.1 MB | 33 kB | 36 kB
Progress (3): 1.1 MB | 33 kB | 36 kB
Progress (3): 1.1 MB | 33 kB | 36 kB
Progress (3): 1.1 MB | 33 kB | 36 kB
Progress (3): 1.1 MB | 33 kB | 36 kB
Progress (3): 1.1 MB | 33 kB | 36 kB
Progress (3): 1.1 MB | 33 kB | 36 kB
Progress (3): 1.1 MB | 33 kB | 36 kB
Progress (3): 1.2 MB | 33 kB | 36 kB
Progress (3): 1.2 MB | 33 kB | 36 kB
Progress (3): 1.2 MB | 33 kB | 36 kB
Progress (3): 1.2 MB | 33 kB | 36 kB
Progress (3): 1.2 MB | 33 kB | 36 kB
Progress (3): 1.2 MB | 33 kB | 36 kB
Progress (3): 1.2 MB | 33 kB | 36 kB
Progress (3): 1.2 MB | 33 kB | 36 kB
Progress (3): 1.2 MB | 33 kB | 36 kB
Progress (3): 1.2 MB | 33 kB | 36 kB
Progress (3): 1.2 MB | 33 kB | 36 kB
Progress (3): 1.2 MB | 33 kB | 36 kB
Progress (3): 1.2 MB | 33 kB | 36 kB
Progress (3): 1.2 MB | 33 kB | 36 kB
Progress (3): 1.2 MB | 33 kB | 36 kB
Progress (3): 1.2 MB | 33 kB | 36 kB
Progress (3): 1.2 MB | 33 kB | 36 kB
Progress (3): 1.2 MB | 33 kB | 36 kB
Progress (3): 1.2 MB | 33 kB | 36 kB
Progress (3): 1.2 MB | 33 kB | 39 kB
Progress (3): 1.2 MB | 33 kB | 39 kB
Progress (3): 1.2 MB | 33 kB | 39 kB
Progress (3): 1.2 MB | 33 kB | 39 kB
Progress (3): 1.2 MB | 33 kB | 39 kB
Progress (3): 1.2 MB | 33 kB | 39 kB
Progress (3): 1.2 MB | 33 kB | 42 kB
Progress (3): 1.2 MB | 33 kB | 42 kB
Progress (3): 1.2 MB | 33 kB | 44 kB
Progress (3): 1.3 MB | 33 kB | 44 kB
Progress (3): 1.3 MB | 33 kB | 49 kB
Progress (3): 1.3 MB | 33 kB | 49 kB
Progress (3): 1.3 MB | 33 kB | 51 kB
Progress (3): 1.3 MB | 33 kB | 51 kB
Progress (3): 1.3 MB | 33 kB | 54 kB
Progress (3): 1.3 MB | 33 kB | 54 kB
Progress (3): 1.3 MB | 33 kB | 58 kB
Progress (3): 1.3 MB | 33 kB | 58 kB
Progress (3): 1.3 MB | 33 kB | 63 kB
Progress (3): 1.3 MB | 33 kB | 63 kB
Progress (3): 1.3 MB | 33 kB | 67 kB
Progress (3): 1.3 MB | 33 kB | 67 kB
Progress (3): 1.3 MB | 33 kB | 71 kB
Progress (3): 1.3 MB | 33 kB | 71 kB
Progress (3): 1.3 MB | 33 kB | 75 kB
Progress (3): 1.3 MB | 33 kB | 75 kB
Progress (3): 1.3 MB | 33 kB | 79 kB
Progress (3): 1.3 MB | 33 kB | 79 kB
Progress (3): 1.3 MB | 33 kB | 83 kB
Progress (3): 1.3 MB | 33 kB | 83 kB
Progress (3): 1.3 MB | 33 kB | 87 kB
Progress (3): 1.3 MB | 33 kB | 87 kB
Progress (3): 1.3 MB | 33 kB | 87 kB
Progress (3): 1.3 MB | 33 kB | 87 kB
Progress (3): 1.3 MB | 33 kB | 87 kB
Progress (3): 1.3 MB | 33 kB | 87 kB
Progress (3): 1.3 MB | 33 kB | 87 kB
Progress (3): 1.3 MB | 33 kB | 87 kB
Progress (3): 1.3 MB | 33 kB | 87 kB
Progress (3): 1.3 MB | 33 kB | 87 kB
Progress (3): 1.3 MB | 33 kB | 87 kB
Progress (3): 1.3 MB | 33 kB | 87 kB
Progress (3): 1.3 MB | 33 kB | 87 kB
Progress (3): 1.3 MB | 33 kB | 87 kB
Progress (3): 1.3 MB | 33 kB | 87 kB
Progress (3): 1.3 MB | 33 kB | 87 kB
Progress (3): 1.3 MB | 33 kB | 87 kB
Progress (3): 1.4 MB | 33 kB | 87 kB
Progress (3): 1.4 MB | 33 kB | 87 kB
Progress (3): 1.4 MB | 33 kB | 87 kB
Progress (3): 1.4 MB | 33 kB | 87 kB
Progress (3): 1.4 MB | 33 kB | 87 kB
Progress (3): 1.4 MB | 33 kB | 87 kB
Progress (3): 1.4 MB | 33 kB | 87 kB
Progress (3): 1.4 MB | 33 kB | 87 kB
Progress (3): 1.4 MB | 33 kB | 87 kB
Progress (3): 1.4 MB | 33 kB | 87 kB
Progress (3): 1.4 MB | 33 kB | 87 kB
Progress (3): 1.4 MB | 33 kB | 87 kB
Progress (3): 1.4 MB | 33 kB | 87 kB
Progress (3): 1.4 MB | 33 kB | 87 kB
Progress (3): 1.4 MB | 33 kB | 87 kB
Progress (3): 1.4 MB | 33 kB | 87 kB
Progress (3): 1.4 MB | 33 kB | 87 kB
Progress (3): 1.4 MB | 33 kB | 87 kB
Progress (3): 1.4 MB | 33 kB | 87 kB
Progress (3): 1.4 MB | 33 kB | 87 kB
Progress (3): 1.4 MB | 33 kB | 87 kB
Progress (3): 1.4 MB | 33 kB | 87 kB
Progress (3): 1.4 MB | 33 kB | 87 kB
Progress (3): 1.4 MB | 33 kB | 87 kB
Progress (3): 1.5 MB | 33 kB | 87 kB
Progress (3): 1.5 MB | 33 kB | 87 kB
Progress (3): 1.5 MB | 33 kB | 87 kB
Progress (3): 1.5 MB | 33 kB | 87 kB
Progress (3): 1.5 MB | 33 kB | 87 kB
Progress (3): 1.5 MB | 33 kB | 87 kB
Progress (3): 1.5 MB | 33 kB | 87 kB
Progress (3): 1.5 MB | 33 kB | 87 kB
Progress (3): 1.5 MB | 33 kB | 87 kB
Progress (3): 1.5 MB | 33 kB | 87 kB
Progress (3): 1.5 MB | 33 kB | 87 kB
Progress (3): 1.5 MB | 33 kB | 87 kB
Progress (3): 1.5 MB | 33 kB | 87 kB
Progress (3): 1.5 MB | 33 kB | 87 kB
Progress (3): 1.5 MB | 33 kB | 87 kB
Progress (3): 1.5 MB | 33 kB | 87 kB
Progress (3): 1.5 MB | 33 kB | 87 kB
Progress (3): 1.5 MB | 33 kB | 87 kB
Progress (3): 1.5 MB | 33 kB | 87 kB
Progress (3): 1.5 MB | 33 kB | 87 kB
Progress (3): 1.5 MB | 33 kB | 87 kB
Progress (3): 1.5 MB | 33 kB | 91 kB
Progress (3): 1.5 MB | 33 kB | 91 kB
Progress (3): 1.5 MB | 33 kB | 91 kB
Progress (3): 1.5 MB | 33 kB | 91 kB
Progress (3): 1.5 MB | 33 kB | 91 kB
Progress (3): 1.6 MB | 33 kB | 91 kB
Progress (3): 1.6 MB | 33 kB | 91 kB
Progress (3): 1.6 MB | 33 kB | 91 kB
Progress (3): 1.6 MB | 33 kB | 91 kB
Progress (3): 1.6 MB | 33 kB | 91 kB
Progress (3): 1.6 MB | 33 kB | 91 kB
Progress (3): 1.6 MB | 33 kB | 91 kB
Progress (3): 1.6 MB | 33 kB | 91 kB
Progress (4): 1.6 MB | 33 kB | 91 kB | 2.6 kB
Progress (4): 1.6 MB | 33 kB | 91 kB | 2.6 kB
Progress (4): 1.6 MB | 33 kB | 91 kB | 2.6 kB
Progress (4): 1.6 MB | 33 kB | 91 kB | 2.6 kB
Progress (4): 1.6 MB | 33 kB | 91 kB | 5.4 kB
Progress (4): 1.6 MB | 33 kB | 95 kB | 5.4 kB
Progress (4): 1.6 MB | 33 kB | 95 kB | 5.4 kB
Progress (4): 1.6 MB | 33 kB | 95 kB | 8.3 kB
Progress (4): 1.6 MB | 33 kB | 95 kB | 8.3 kB
Progress (4): 1.6 MB | 33 kB | 99 kB | 8.3 kB
Progress (4): 1.6 MB | 33 kB | 99 kB | 11 kB 
Progress (4): 1.6 MB | 33 kB | 103 kB | 11 kB
Progress (4): 1.6 MB | 33 kB | 108 kB | 11 kB
Progress (4): 1.6 MB | 33 kB | 112 kB | 11 kB
Progress (4): 1.6 MB | 33 kB | 116 kB | 11 kB
Progress (4): 1.6 MB | 33 kB | 120 kB | 11 kB
Progress (4): 1.6 MB | 33 kB | 124 kB | 11 kB
Progress (4): 1.6 MB | 33 kB | 128 kB | 11 kB
Progress (4): 1.6 MB | 33 kB | 132 kB | 11 kB
Progress (4): 1.6 MB | 33 kB | 136 kB | 11 kB
Progress (4): 1.6 MB | 33 kB | 140 kB | 11 kB
Progress (4): 1.6 MB | 33 kB | 144 kB | 11 kB
Progress (4): 1.6 MB | 33 kB | 149 kB | 11 kB
Progress (4): 1.6 MB | 33 kB | 153 kB | 11 kB
Progress (4): 1.6 MB | 33 kB | 157 kB | 11 kB
Progress (4): 1.6 MB | 33 kB | 161 kB | 11 kB
Progress (4): 1.6 MB | 33 kB | 165 kB | 11 kB
Progress (4): 1.6 MB | 33 kB | 169 kB | 11 kB
Progress (4): 1.6 MB | 33 kB | 173 kB | 11 kB
Progress (4): 1.6 MB | 33 kB | 177 kB | 11 kB
Progress (4): 1.6 MB | 33 kB | 181 kB | 11 kB
Progress (4): 1.6 MB | 33 kB | 185 kB | 11 kB
Progress (4): 1.6 MB | 33 kB | 190 kB | 11 kB
Progress (4): 1.6 MB | 33 kB | 194 kB | 11 kB
Progress (4): 1.6 MB | 33 kB | 198 kB | 11 kB
                                             
Downloaded from aiban-tianyin-core: https://aiban-maven.pkg.coding.net/repository/tianyin/core/com/sun/mail/javax.mail/1.6.2/javax.mail-1.6.2.jar (0 B at 0 B/s)
Progress (4): 1.6 MB | 33 kB | 202 kB | 11 kB
                                             
Downloading from aiban-tianyin-core: https://aiban-maven.pkg.coding.net/repository/tianyin/core/org/apache/axis/axis-saaj/1.4/axis-saaj-1.4.jar
Progress (4): 1.6 MB | 33 kB | 204 kB | 11 kB
Progress (4): 1.6 MB | 33 kB | 204 kB | 14 kB
Progress (4): 1.6 MB | 33 kB | 204 kB | 18 kB
Progress (4): 1.6 MB | 33 kB | 204 kB | 22 kB
Progress (4): 1.6 MB | 33 kB | 204 kB | 25 kB
Progress (4): 1.6 MB | 33 kB | 204 kB | 29 kB
Progress (4): 1.6 MB | 33 kB | 204 kB | 31 kB
                                             
Downloaded from aiban-tianyin-core: https://aiban-maven.pkg.coding.net/repository/tianyin/core/org/apache/axis/axis-ant/1.4/axis-ant-1.4.jar (33 kB at 47 kB/s)
Downloaded from aiban-tianyin-core: https://aiban-maven.pkg.coding.net/repository/tianyin/core/org/apache/axis/axis/1.4/axis-1.4.jar (1.6 MB at 2.1 MB/s)
Downloaded from aiban-tianyin-core: https://aiban-maven.pkg.coding.net/repository/tianyin/core/org/apache/axis/axis-jaxrpc/1.4/axis-jaxrpc-1.4.jar (31 kB at 37 kB/s)
Progress (2): 204 kB | 2.6 kB
Progress (2): 204 kB | 6.7 kB
Progress (2): 204 kB | 9.7 kB
                             
Downloaded from aiban-tianyin-core: https://aiban-maven.pkg.coding.net/repository/tianyin/core/axis/axis-schema/1.3/axis-schema-1.3.jar (204 kB at 233 kB/s)
Progress (1): 12 kB
Progress (1): 16 kB
Progress (1): 19 kB
                   
Downloaded from aiban-tianyin-core: https://aiban-maven.pkg.coding.net/repository/tianyin/core/org/apache/axis/axis-saaj/1.4/axis-saaj-1.4.jar (19 kB at 17 kB/s)
[[1;34mINFO[m] 
[[1;34mINFO[m] [1m--- [0;32mmaven-clean-plugin:3.1.0:clean[m [1m(default-clean)[m @ [36maxis-spring-boot-starter[0;1m ---[m
[[1;34mINFO[m] Deleting /Users/wandl/workspaces/workspace-ddd4j/workspace-ddd4j-boot-starters/axis-spring-boot-starter/target
[[1;34mINFO[m] 
[[1;34mINFO[m] [1m--- [0;32mmaven-enforcer-plugin:3.0.0-M3:enforce[m [1m(default-cli)[m @ [36maxis-spring-boot-starter[0;1m ---[m
[[1;34mINFO[m] 
[[1;34mINFO[m] [1m--- [0;32mmaven-resources-plugin:3.1.0:resources[m [1m(default-resources)[m @ [36maxis-spring-boot-starter[0;1m ---[m
[[1;34mINFO[m] Using 'UTF-8' encoding to copy filtered resources.
[[1;34mINFO[m] skip non existing resourceDirectory /Users/wandl/workspaces/workspace-ddd4j/workspace-ddd4j-boot-starters/axis-spring-boot-starter/src/main/resources
[[1;34mINFO[m] skip non existing resourceDirectory /Users/wandl/workspaces/workspace-ddd4j/workspace-ddd4j-boot-starters/axis-spring-boot-starter/src/main/resources
[[1;34mINFO[m] 
[[1;34mINFO[m] [1m--- [0;32mmaven-compiler-plugin:3.8.1:compile[m [1m(default-compile)[m @ [36maxis-spring-boot-starter[0;1m ---[m
[[1;34mINFO[m] Changes detected - recompiling the module!
[[1;34mINFO[m] Compiling 7 source files to /Users/wandl/workspaces/workspace-ddd4j/workspace-ddd4j-boot-starters/axis-spring-boot-starter/target/classes
[[1;34mINFO[m] /Users/wandl/workspaces/workspace-ddd4j/workspace-ddd4j-boot-starters/axis-spring-boot-starter/src/main/java/org/apache/axis/spring/boot/utils/AxisClientUtils.java: /Users/wandl/workspaces/workspace-ddd4j/workspace-ddd4j-boot-starters/axis-spring-boot-starter/src/main/java/org/apache/axis/spring/boot/utils/AxisClientUtils.java使用或覆盖了已过时的 API。
[[1;34mINFO[m] /Users/wandl/workspaces/workspace-ddd4j/workspace-ddd4j-boot-starters/axis-spring-boot-starter/src/main/java/org/apache/axis/spring/boot/utils/AxisClientUtils.java: 有关详细信息, 请使用 -Xlint:deprecation 重新编译。
[[1;34mINFO[m] 
[[1;34mINFO[m] [1m--- [0;32mmaven-resources-plugin:3.1.0:testResources[m [1m(default-testResources)[m @ [36maxis-spring-boot-starter[0;1m ---[m
[[1;34mINFO[m] Not copying test resources
[[1;34mINFO[m] 
[[1;34mINFO[m] [1m--- [0;32mmaven-compiler-plugin:3.8.1:testCompile[m [1m(default-testCompile)[m @ [36maxis-spring-boot-starter[0;1m ---[m
[[1;34mINFO[m] Not compiling test sources
[[1;34mINFO[m] 
[[1;34mINFO[m] [1m--- [0;32mmaven-surefire-plugin:2.22.1:test[m [1m(default-test)[m @ [36maxis-spring-boot-starter[0;1m ---[m
[[1;34mINFO[m] Tests are skipped.
[[1;34mINFO[m] 
[[1;34mINFO[m] [1m--- [0;32mmaven-jar-plugin:3.1.1:jar[m [1m(default-jar)[m @ [36maxis-spring-boot-starter[0;1m ---[m
[[1;34mINFO[m] Building jar: /Users/wandl/workspaces/workspace-ddd4j/workspace-ddd4j-boot-starters/axis-spring-boot-starter/target/axis-spring-boot-starter-2.3.x.20240823.RELEASE.jar
[[1;34mINFO[m] 
[[1;34mINFO[m] [1m--- [0;32mmaven-source-plugin:3.2.1:jar-no-fork[m [1m(attach-sources)[m @ [36maxis-spring-boot-starter[0;1m ---[m
[[1;34mINFO[m] Building jar: /Users/wandl/workspaces/workspace-ddd4j/workspace-ddd4j-boot-starters/axis-spring-boot-starter/target/axis-spring-boot-starter-2.3.x.20240823.RELEASE-sources.jar
[[1;34mINFO[m] 
[[1;34mINFO[m] [1m--- [0;32mmaven-install-plugin:2.5.2:install[m [1m(default-install)[m @ [36maxis-spring-boot-starter[0;1m ---[m
[[1;34mINFO[m] Installing /Users/wandl/workspaces/workspace-ddd4j/workspace-ddd4j-boot-starters/axis-spring-boot-starter/target/axis-spring-boot-starter-2.3.x.20240823.RELEASE.jar to /Users/wandl/.m2/repository/com/github/hiwepy/axis-spring-boot-starter/2.3.x.20240823.RELEASE/axis-spring-boot-starter-2.3.x.20240823.RELEASE.jar
[[1;34mINFO[m] Installing /Users/wandl/workspaces/workspace-ddd4j/workspace-ddd4j-boot-starters/axis-spring-boot-starter/pom.xml to /Users/wandl/.m2/repository/com/github/hiwepy/axis-spring-boot-starter/2.3.x.20240823.RELEASE/axis-spring-boot-starter-2.3.x.20240823.RELEASE.pom
[[1;34mINFO[m] Installing /Users/wandl/workspaces/workspace-ddd4j/workspace-ddd4j-boot-starters/axis-spring-boot-starter/target/axis-spring-boot-starter-2.3.x.20240823.RELEASE-sources.jar to /Users/wandl/.m2/repository/com/github/hiwepy/axis-spring-boot-starter/2.3.x.20240823.RELEASE/axis-spring-boot-starter-2.3.x.20240823.RELEASE-sources.jar
[[1;34mINFO[m] 
[[1;34mINFO[m] [1m--- [0;32mmaven-deploy-plugin:2.8.2:deploy[m [1m(default-deploy)[m @ [36maxis-spring-boot-starter[0;1m ---[m
[[1;34mINFO[m] Using alternate deployment repository maven-releases::default::https://packages.aliyun.com/5fdc0afd99b59ba3c5ead757/maven/maven-releases
Uploading to maven-releases: https://packages.aliyun.com/5fdc0afd99b59ba3c5ead757/maven/maven-releases/com/github/hiwepy/axis-spring-boot-starter/2.3.x.20240823.RELEASE/axis-spring-boot-starter-2.3.x.20240823.RELEASE.jar
Progress (1): 4.1/12 kB
Progress (1): 8.2/12 kB
Progress (1): 12 kB    
                   
Uploaded to maven-releases: https://packages.aliyun.com/5fdc0afd99b59ba3c5ead757/maven/maven-releases/com/github/hiwepy/axis-spring-boot-starter/2.3.x.20240823.RELEASE/axis-spring-boot-starter-2.3.x.20240823.RELEASE.jar (12 kB at 11 kB/s)
Uploading to maven-releases: https://packages.aliyun.com/5fdc0afd99b59ba3c5ead757/maven/maven-releases/com/github/hiwepy/axis-spring-boot-starter/2.3.x.20240823.RELEASE/axis-spring-boot-starter-2.3.x.20240823.RELEASE.pom
Progress (1): 4.1/19 kB
Progress (1): 8.2/19 kB
Progress (1): 12/19 kB 
Progress (1): 16/19 kB
Progress (1): 19 kB   
                   
Uploaded to maven-releases: https://packages.aliyun.com/5fdc0afd99b59ba3c5ead757/maven/maven-releases/com/github/hiwepy/axis-spring-boot-starter/2.3.x.20240823.RELEASE/axis-spring-boot-starter-2.3.x.20240823.RELEASE.pom (19 kB at 22 kB/s)
Downloading from maven-releases: https://packages.aliyun.com/5fdc0afd99b59ba3c5ead757/maven/maven-releases/com/github/hiwepy/axis-spring-boot-starter/maven-metadata.xml
Uploading to maven-releases: https://packages.aliyun.com/5fdc0afd99b59ba3c5ead757/maven/maven-releases/com/github/hiwepy/axis-spring-boot-starter/maven-metadata.xml
Progress (1): 355 B
                   
Uploaded to maven-releases: https://packages.aliyun.com/5fdc0afd99b59ba3c5ead757/maven/maven-releases/com/github/hiwepy/axis-spring-boot-starter/maven-metadata.xml (355 B at 365 B/s)
Uploading to maven-releases: https://packages.aliyun.com/5fdc0afd99b59ba3c5ead757/maven/maven-releases/com/github/hiwepy/axis-spring-boot-starter/2.3.x.20240823.RELEASE/axis-spring-boot-starter-2.3.x.20240823.RELEASE-sources.jar
Progress (1): 4.1/10 kB
Progress (1): 8.2/10 kB
Progress (1): 10 kB    
                   
Uploaded to maven-releases: https://packages.aliyun.com/5fdc0afd99b59ba3c5ead757/maven/maven-releases/com/github/hiwepy/axis-spring-boot-starter/2.3.x.20240823.RELEASE/axis-spring-boot-starter-2.3.x.20240823.RELEASE-sources.jar (10 kB at 10.0 kB/s)
[[1;34mINFO[m] [1m------------------------------------------------------------------------[m
[[1;34mINFO[m] [1;32mBUILD SUCCESS[m
[[1;34mINFO[m] [1m------------------------------------------------------------------------[m
[[1;34mINFO[m] Total time:  9.179 s
[[1;34mINFO[m] Finished at: 2026-03-16T13:39:19+08:00
[[1;34mINFO[m] [1m------------------------------------------------------------------------[m
[axis-spring-boot-starter/2.3.x] 成功
[[1;34mINFO[m] Scanning for projects...
[[1;34mINFO[m] 
[[1;34mINFO[m] [1m-------------< [0;36mio.github.hiwepy:axis-spring-boot-starter[0;1m >-------------[m
[[1;34mINFO[m] [1mBuilding io.github.hiwepy:axis-spring-boot-starter c[m
[[1;34mINFO[m] [1m--------------------------------[ jar ]---------------------------------[m
[[1;34mINFO[m] 
[[1;34mINFO[m] [1m--- [0;32mmaven-clean-plugin:3.2.0:clean[m [1m(default-clean)[m @ [36maxis-spring-boot-starter[0;1m ---[m
[[1;34mINFO[m] Deleting /Users/wandl/workspaces/workspace-ddd4j/workspace-ddd4j-boot-starters/axis-spring-boot-starter/target
[[1;34mINFO[m] 
[[1;34mINFO[m] [1m--- [0;32mmaven-enforcer-plugin:3.0.0:enforce[m [1m(default-cli)[m @ [36maxis-spring-boot-starter[0;1m ---[m
[[1;34mINFO[m] 
[[1;34mINFO[m] [1m--- [0;32mmaven-resources-plugin:3.1.0:resources[m [1m(default-resources)[m @ [36maxis-spring-boot-starter[0;1m ---[m
[[1;34mINFO[m] Using 'UTF-8' encoding to copy filtered resources.
[[1;34mINFO[m] skip non existing resourceDirectory /Users/wandl/workspaces/workspace-ddd4j/workspace-ddd4j-boot-starters/axis-spring-boot-starter/src/main/resources
[[1;34mINFO[m] skip non existing resourceDirectory /Users/wandl/workspaces/workspace-ddd4j/workspace-ddd4j-boot-starters/axis-spring-boot-starter/src/main/resources
[[1;34mINFO[m] 
[[1;34mINFO[m] [1m--- [0;32mmaven-compiler-plugin:3.10.1:compile[m [1m(default-compile)[m @ [36maxis-spring-boot-starter[0;1m ---[m
[[1;34mINFO[m] Changes detected - recompiling the module!
[[1;34mINFO[m] Compiling 7 source files to /Users/wandl/workspaces/workspace-ddd4j/workspace-ddd4j-boot-starters/axis-spring-boot-starter/target/classes
[[1;34mINFO[m] /Users/wandl/workspaces/workspace-ddd4j/workspace-ddd4j-boot-starters/axis-spring-boot-starter/src/main/java/org/apache/axis/spring/boot/utils/AxisClientUtils.java: /Users/wandl/workspaces/workspace-ddd4j/workspace-ddd4j-boot-starters/axis-spring-boot-starter/src/main/java/org/apache/axis/spring/boot/utils/AxisClientUtils.java使用或覆盖了已过时的 API。
[[1;34mINFO[m] /Users/wandl/workspaces/workspace-ddd4j/workspace-ddd4j-boot-starters/axis-spring-boot-starter/src/main/java/org/apache/axis/spring/boot/utils/AxisClientUtils.java: 有关详细信息, 请使用 -Xlint:deprecation 重新编译。
[[1;34mINFO[m] 
[[1;34mINFO[m] [1m--- [0;32mmaven-resources-plugin:3.1.0:testResources[m [1m(default-testResources)[m @ [36maxis-spring-boot-starter[0;1m ---[m
[[1;34mINFO[m] Not copying test resources
[[1;34mINFO[m] 
[[1;34mINFO[m] [1m--- [0;32mmaven-compiler-plugin:3.10.1:testCompile[m [1m(default-testCompile)[m @ [36maxis-spring-boot-starter[0;1m ---[m
[[1;34mINFO[m] Not compiling test sources
[[1;34mINFO[m] 
[[1;34mINFO[m] [1m--- [0;32mmaven-surefire-plugin:2.22.1:test[m [1m(default-test)[m @ [36maxis-spring-boot-starter[0;1m ---[m
[[1;34mINFO[m] Tests are skipped.
[[1;34mINFO[m] 
[[1;34mINFO[m] [1m--- [0;32mmaven-jar-plugin:3.1.1:jar[m [1m(default-jar)[m @ [36maxis-spring-boot-starter[0;1m ---[m
[[1;34mINFO[m] Building jar: /Users/wandl/workspaces/workspace-ddd4j/workspace-ddd4j-boot-starters/axis-spring-boot-starter/target/axis-spring-boot-starter-c.jar
[[1;34mINFO[m] 
[[1;34mINFO[m] [1m--- [0;32mmaven-source-plugin:3.2.1:jar-no-fork[m [1m(attach-sources)[m @ [36maxis-spring-boot-starter[0;1m ---[m
[[1;34mINFO[m] Building jar: /Users/wandl/workspaces/workspace-ddd4j/workspace-ddd4j-boot-starters/axis-spring-boot-starter/target/axis-spring-boot-starter-c-sources.jar
[[1;34mINFO[m] 
[[1;34mINFO[m] [1m--- [0;32mmaven-install-plugin:2.5.2:install[m [1m(default-install)[m @ [36maxis-spring-boot-starter[0;1m ---[m
[[1;34mINFO[m] Installing /Users/wandl/workspaces/workspace-ddd4j/workspace-ddd4j-boot-starters/axis-spring-boot-starter/target/axis-spring-boot-starter-c.jar to /Users/wandl/.m2/repository/com/github/hiwepy/axis-spring-boot-starter/c/axis-spring-boot-starter-c.jar
[[1;34mINFO[m] Installing /Users/wandl/workspaces/workspace-ddd4j/workspace-ddd4j-boot-starters/axis-spring-boot-starter/pom.xml to /Users/wandl/.m2/repository/com/github/hiwepy/axis-spring-boot-starter/c/axis-spring-boot-starter-c.pom
[[1;34mINFO[m] Installing /Users/wandl/workspaces/workspace-ddd4j/workspace-ddd4j-boot-starters/axis-spring-boot-starter/target/axis-spring-boot-starter-c-sources.jar to /Users/wandl/.m2/repository/com/github/hiwepy/axis-spring-boot-starter/c/axis-spring-boot-starter-c-sources.jar
[[1;34mINFO[m] 
[[1;34mINFO[m] [1m--- [0;32mmaven-deploy-plugin:2.8.2:deploy[m [1m(default-deploy)[m @ [36maxis-spring-boot-starter[0;1m ---[m
[[1;34mINFO[m] Using alternate deployment repository maven-releases::default::https://packages.aliyun.com/5fdc0afd99b59ba3c5ead757/maven/maven-releases
Uploading to maven-releases: https://packages.aliyun.com/5fdc0afd99b59ba3c5ead757/maven/maven-releases/com/github/hiwepy/axis-spring-boot-starter/c/axis-spring-boot-starter-c.jar
Progress (1): 4.1/12 kB
Progress (1): 8.2/12 kB
Progress (1): 12 kB    
                   
Uploaded to maven-releases: https://packages.aliyun.com/5fdc0afd99b59ba3c5ead757/maven/maven-releases/com/github/hiwepy/axis-spring-boot-starter/c/axis-spring-boot-starter-c.jar (12 kB at 11 kB/s)
Uploading to maven-releases: https://packages.aliyun.com/5fdc0afd99b59ba3c5ead757/maven/maven-releases/com/github/hiwepy/axis-spring-boot-starter/c/axis-spring-boot-starter-c.pom
Progress (1): 4.1/19 kB
Progress (1): 8.2/19 kB
Progress (1): 12/19 kB 
Progress (1): 16/19 kB
Progress (1): 19 kB   
                   
Uploaded to maven-releases: https://packages.aliyun.com/5fdc0afd99b59ba3c5ead757/maven/maven-releases/com/github/hiwepy/axis-spring-boot-starter/c/axis-spring-boot-starter-c.pom (19 kB at 20 kB/s)
Downloading from maven-releases: https://packages.aliyun.com/5fdc0afd99b59ba3c5ead757/maven/maven-releases/com/github/hiwepy/axis-spring-boot-starter/maven-metadata.xml
Progress (1): 355 B
                   
Downloaded from maven-releases: https://packages.aliyun.com/5fdc0afd99b59ba3c5ead757/maven/maven-releases/com/github/hiwepy/axis-spring-boot-starter/maven-metadata.xml (355 B at 1.6 kB/s)
Uploading to maven-releases: https://packages.aliyun.com/5fdc0afd99b59ba3c5ead757/maven/maven-releases/com/github/hiwepy/axis-spring-boot-starter/maven-metadata.xml
Progress (1): 361 B
                   
Uploaded to maven-releases: https://packages.aliyun.com/5fdc0afd99b59ba3c5ead757/maven/maven-releases/com/github/hiwepy/axis-spring-boot-starter/maven-metadata.xml (361 B at 344 B/s)
Uploading to maven-releases: https://packages.aliyun.com/5fdc0afd99b59ba3c5ead757/maven/maven-releases/com/github/hiwepy/axis-spring-boot-starter/c/axis-spring-boot-starter-c-sources.jar
Progress (1): 4.1/10 kB
Progress (1): 8.2/10 kB
Progress (1): 10 kB    
                   
Uploaded to maven-releases: https://packages.aliyun.com/5fdc0afd99b59ba3c5ead757/maven/maven-releases/com/github/hiwepy/axis-spring-boot-starter/c/axis-spring-boot-starter-c-sources.jar (10 kB at 11 kB/s)
[[1;34mINFO[m] [1m------------------------------------------------------------------------[m
[[1;34mINFO[m] [1;32mBUILD SUCCESS[m
[[1;34mINFO[m] [1m------------------------------------------------------------------------[m
[[1;34mINFO[m] Total time:  5.153 s
[[1;34mINFO[m] Finished at: 2026-03-16T13:39:24+08:00
[[1;34mINFO[m] [1m------------------------------------------------------------------------[m
[axis-spring-boot-starter/2.7.x] 成功
[[1;34mINFO[m] Scanning for projects...
[[1;34mINFO[m] 
[[1;34mINFO[m] [1m-------------< [0;36mio.github.hiwepy:axis-spring-boot-starter[0;1m >-------------[m
[[1;34mINFO[m] [1mBuilding io.github.hiwepy:axis-spring-boot-starter 3.0.x.20251227-SNAPSHOT[m
[[1;34mINFO[m] [1m--------------------------------[ jar ]---------------------------------[m
[[1;34mINFO[m] 
[[1;34mINFO[m] [1m--- [0;32mmaven-clean-plugin:3.4.0:clean[m [1m(default-clean)[m @ [36maxis-spring-boot-starter[0;1m ---[m
[[1;34mINFO[m] Deleting /Users/wandl/workspaces/workspace-ddd4j/workspace-ddd4j-boot-starters/axis-spring-boot-starter/target
[[1;34mINFO[m] 
[[1;34mINFO[m] [1m--- [0;32mmaven-enforcer-plugin:3.5.0:enforce[m [1m(default-cli)[m @ [36maxis-spring-boot-starter[0;1m ---[m
[[1;34mINFO[m] Rule 1: org.apache.maven.enforcer.rules.version.RequireJavaVersion passed
[[1;34mINFO[m] [1m------------------------------------------------------------------------[m
[[1;34mINFO[m] [1;31mBUILD FAILURE[m
[[1;34mINFO[m] [1m------------------------------------------------------------------------[m
[[1;34mINFO[m] Total time:  0.290 s
[[1;34mINFO[m] Finished at: 2026-03-16T13:39:25+08:00
[[1;34mINFO[m] [1m------------------------------------------------------------------------[m
[[1;31mERROR[m] Failed to execute goal [32morg.apache.maven.plugins:maven-enforcer-plugin:3.5.0:enforce[m [1m(default-cli)[m on project [36maxis-spring-boot-starter[m: [1;31m[m
[[1;31mERROR[m] [1;31mRule 0: org.apache.maven.enforcer.rules.version.RequireMavenVersion failed with message:[m
[[1;31mERROR[m] [1;31mYou are running an older version of Maven. This application requires at least Maven 3.9.9.[m
[[1;31mERROR[m] -> [1m[Help 1][m
[[1;31mERROR[m] 
[[1;31mERROR[m] To see the full stack trace of the errors, re-run Maven with the [1m-e[m switch.
[[1;31mERROR[m] Re-run Maven using the [1m-X[m switch to enable full debug logging.
[[1;31mERROR[m] 
[[1;31mERROR[m] For more information about the errors and possible solutions, please read the following articles:
[[1;31mERROR[m] [1m[Help 1][m http://cwiki.apache.org/confluence/display/MAVEN/MojoExecutionException
[axis-spring-boot-starter/3.0.x] 失败 - 查看日志
[[1;34mINFO[m] Scanning for projects...
[[1;34mINFO[m] 
[[1;34mINFO[m] [1m-------------< [0;36mio.github.hiwepy:axis-spring-boot-starter[0;1m >-------------[m
[[1;34mINFO[m] [1mBuilding io.github.hiwepy:axis-spring-boot-starter 3.1.x.20251227-SNAPSHOT[m
[[1;34mINFO[m] [1m--------------------------------[ jar ]---------------------------------[m
[[1;34mINFO[m] 
[[1;34mINFO[m] [1m--- [0;32mmaven-clean-plugin:3.4.0:clean[m [1m(default-clean)[m @ [36maxis-spring-boot-starter[0;1m ---[m
[[1;34mINFO[m] 
[[1;34mINFO[m] [1m--- [0;32mmaven-enforcer-plugin:3.5.0:enforce[m [1m(default-cli)[m @ [36maxis-spring-boot-starter[0;1m ---[m
[[1;34mINFO[m] Rule 1: org.apache.maven.enforcer.rules.version.RequireJavaVersion passed
[[1;34mINFO[m] [1m------------------------------------------------------------------------[m
[[1;34mINFO[m] [1;31mBUILD FAILURE[m
[[1;34mINFO[m] [1m------------------------------------------------------------------------[m
[[1;34mINFO[m] Total time:  0.270 s
[[1;34mINFO[m] Finished at: 2026-03-16T13:39:25+08:00
[[1;34mINFO[m] [1m------------------------------------------------------------------------[m
[[1;31mERROR[m] Failed to execute goal [32morg.apache.maven.plugins:maven-enforcer-plugin:3.5.0:enforce[m [1m(default-cli)[m on project [36maxis-spring-boot-starter[m: [1;31m[m
[[1;31mERROR[m] [1;31mRule 0: org.apache.maven.enforcer.rules.version.RequireMavenVersion failed with message:[m
[[1;31mERROR[m] [1;31mYou are running an older version of Maven. This application requires at least Maven 3.9.9.[m
[[1;31mERROR[m] -> [1m[Help 1][m
[[1;31mERROR[m] 
[[1;31mERROR[m] To see the full stack trace of the errors, re-run Maven with the [1m-e[m switch.
[[1;31mERROR[m] Re-run Maven using the [1m-X[m switch to enable full debug logging.
[[1;31mERROR[m] 
[[1;31mERROR[m] For more information about the errors and possible solutions, please read the following articles:
[[1;31mERROR[m] [1m[Help 1][m http://cwiki.apache.org/confluence/display/MAVEN/MojoExecutionException
[axis-spring-boot-starter/3.1.x] 失败 - 查看日志
[[1;34mINFO[m] Scanning for projects...
[[1;34mINFO[m] 
[[1;34mINFO[m] [1m-------------< [0;36mio.github.hiwepy:axis-spring-boot-starter[0;1m >-------------[m
[[1;34mINFO[m] [1mBuilding io.github.hiwepy:axis-spring-boot-starter 3.2.x.20251227-SNAPSHOT[m
[[1;34mINFO[m] [1m--------------------------------[ jar ]---------------------------------[m
[[1;34mINFO[m] 
[[1;34mINFO[m] [1m--- [0;32mmaven-clean-plugin:3.4.0:clean[m [1m(default-clean)[m @ [36maxis-spring-boot-starter[0;1m ---[m
[[1;34mINFO[m] 
[[1;34mINFO[m] [1m--- [0;32mmaven-enforcer-plugin:3.5.0:enforce[m [1m(default-cli)[m @ [36maxis-spring-boot-starter[0;1m ---[m
[[1;34mINFO[m] Rule 1: org.apache.maven.enforcer.rules.version.RequireJavaVersion passed
[[1;34mINFO[m] [1m------------------------------------------------------------------------[m
[[1;34mINFO[m] [1;31mBUILD FAILURE[m
[[1;34mINFO[m] [1m------------------------------------------------------------------------[m
[[1;34mINFO[m] Total time:  0.276 s
[[1;34mINFO[m] Finished at: 2026-03-16T13:39:26+08:00
[[1;34mINFO[m] [1m------------------------------------------------------------------------[m
[[1;31mERROR[m] Failed to execute goal [32morg.apache.maven.plugins:maven-enforcer-plugin:3.5.0:enforce[m [1m(default-cli)[m on project [36maxis-spring-boot-starter[m: [1;31m[m
[[1;31mERROR[m] [1;31mRule 0: org.apache.maven.enforcer.rules.version.RequireMavenVersion failed with message:[m
[[1;31mERROR[m] [1;31mYou are running an older version of Maven. This application requires at least Maven 3.9.9.[m
[[1;31mERROR[m] -> [1m[Help 1][m
[[1;31mERROR[m] 
[[1;31mERROR[m] To see the full stack trace of the errors, re-run Maven with the [1m-e[m switch.
[[1;31mERROR[m] Re-run Maven using the [1m-X[m switch to enable full debug logging.
[[1;31mERROR[m] 
[[1;31mERROR[m] For more information about the errors and possible solutions, please read the following articles:
[[1;31mERROR[m] [1m[Help 1][m http://cwiki.apache.org/confluence/display/MAVEN/MojoExecutionException
[axis-spring-boot-starter/3.2.x] 失败 - 查看日志
[[1;34mINFO[m] Scanning for projects...
[[1;34mINFO[m] 
[[1;34mINFO[m] [1m-------------< [0;36mio.github.hiwepy:axis-spring-boot-starter[0;1m >-------------[m
[[1;34mINFO[m] [1mBuilding io.github.hiwepy:axis-spring-boot-starter 3.3.x.20251227-SNAPSHOT[m
[[1;34mINFO[m] [1m--------------------------------[ jar ]---------------------------------[m
[[1;34mINFO[m] 
[[1;34mINFO[m] [1m--- [0;32mmaven-clean-plugin:3.4.0:clean[m [1m(default-clean)[m @ [36maxis-spring-boot-starter[0;1m ---[m
[[1;34mINFO[m] 
[[1;34mINFO[m] [1m--- [0;32mmaven-enforcer-plugin:3.5.0:enforce[m [1m(default-cli)[m @ [36maxis-spring-boot-starter[0;1m ---[m
[[1;34mINFO[m] Rule 1: org.apache.maven.enforcer.rules.version.RequireJavaVersion passed
[[1;34mINFO[m] [1m------------------------------------------------------------------------[m
[[1;34mINFO[m] [1;31mBUILD FAILURE[m
[[1;34mINFO[m] [1m------------------------------------------------------------------------[m
[[1;34mINFO[m] Total time:  0.290 s
[[1;34mINFO[m] Finished at: 2026-03-16T13:39:27+08:00
[[1;34mINFO[m] [1m------------------------------------------------------------------------[m
[[1;31mERROR[m] Failed to execute goal [32morg.apache.maven.plugins:maven-enforcer-plugin:3.5.0:enforce[m [1m(default-cli)[m on project [36maxis-spring-boot-starter[m: [1;31m[m
[[1;31mERROR[m] [1;31mRule 0: org.apache.maven.enforcer.rules.version.RequireMavenVersion failed with message:[m
[[1;31mERROR[m] [1;31mYou are running an older version of Maven. This application requires at least Maven 3.9.9.[m
[[1;31mERROR[m] -> [1m[Help 1][m
[[1;31mERROR[m] 
[[1;31mERROR[m] To see the full stack trace of the errors, re-run Maven with the [1m-e[m switch.
[[1;31mERROR[m] Re-run Maven using the [1m-X[m switch to enable full debug logging.
[[1;31mERROR[m] 
[[1;31mERROR[m] For more information about the errors and possible solutions, please read the following articles:
[[1;31mERROR[m] [1m[Help 1][m http://cwiki.apache.org/confluence/display/MAVEN/MojoExecutionException
[axis-spring-boot-starter/3.3.x] 失败 - 查看日志
[[1;34mINFO[m] Scanning for projects...
[[1;34mINFO[m] 
[[1;34mINFO[m] [1m-------------< [0;36mio.github.hiwepy:axis-spring-boot-starter[0;1m >-------------[m
[[1;34mINFO[m] [1mBuilding io.github.hiwepy:axis-spring-boot-starter 3.4.x.20251227-SNAPSHOT[m
[[1;34mINFO[m] [1m--------------------------------[ jar ]---------------------------------[m
[[1;34mINFO[m] 
[[1;34mINFO[m] [1m--- [0;32mmaven-clean-plugin:3.4.0:clean[m [1m(default-clean)[m @ [36maxis-spring-boot-starter[0;1m ---[m
[[1;34mINFO[m] 
[[1;34mINFO[m] [1m--- [0;32mmaven-enforcer-plugin:3.5.0:enforce[m [1m(default-cli)[m @ [36maxis-spring-boot-starter[0;1m ---[m
[[1;34mINFO[m] Rule 1: org.apache.maven.enforcer.rules.version.RequireJavaVersion passed
[[1;34mINFO[m] [1m------------------------------------------------------------------------[m
[[1;34mINFO[m] [1;31mBUILD FAILURE[m
[[1;34mINFO[m] [1m------------------------------------------------------------------------[m
[[1;34mINFO[m] Total time:  0.283 s
[[1;34mINFO[m] Finished at: 2026-03-16T13:39:28+08:00
[[1;34mINFO[m] [1m------------------------------------------------------------------------[m
[[1;31mERROR[m] Failed to execute goal [32morg.apache.maven.plugins:maven-enforcer-plugin:3.5.0:enforce[m [1m(default-cli)[m on project [36maxis-spring-boot-starter[m: [1;31m[m
[[1;31mERROR[m] [1;31mRule 0: org.apache.maven.enforcer.rules.version.RequireMavenVersion failed with message:[m
[[1;31mERROR[m] [1;31mYou are running an older version of Maven. This application requires at least Maven 3.9.9.[m
[[1;31mERROR[m] -> [1m[Help 1][m
[[1;31mERROR[m] 
[[1;31mERROR[m] To see the full stack trace of the errors, re-run Maven with the [1m-e[m switch.
[[1;31mERROR[m] Re-run Maven using the [1m-X[m switch to enable full debug logging.
[[1;31mERROR[m] 
[[1;31mERROR[m] For more information about the errors and possible solutions, please read the following articles:
[[1;31mERROR[m] [1m[Help 1][m http://cwiki.apache.org/confluence/display/MAVEN/MojoExecutionException
[axis-spring-boot-starter/3.4.x] 失败 - 查看日志
[[1;34mINFO[m] Scanning for projects...
[[1;34mINFO[m] 
[[1;34mINFO[m] [1m-------------< [0;36mio.github.hiwepy:axis-spring-boot-starter[0;1m >-------------[m
[[1;34mINFO[m] [1mBuilding io.github.hiwepy:axis-spring-boot-starter 3.5.x.20251227-SNAPSHOT[m
[[1;34mINFO[m] [1m--------------------------------[ jar ]---------------------------------[m
[[1;34mINFO[m] 
[[1;34mINFO[m] [1m--- [0;32mmaven-clean-plugin:3.4.0:clean[m [1m(default-clean)[m @ [36maxis-spring-boot-starter[0;1m ---[m
[[1;34mINFO[m] 
[[1;34mINFO[m] [1m--- [0;32mmaven-enforcer-plugin:3.5.0:enforce[m [1m(default-cli)[m @ [36maxis-spring-boot-starter[0;1m ---[m
[[1;34mINFO[m] Rule 1: org.apache.maven.enforcer.rules.version.RequireJavaVersion passed
[[1;34mINFO[m] [1m------------------------------------------------------------------------[m
[[1;34mINFO[m] [1;31mBUILD FAILURE[m
[[1;34mINFO[m] [1m------------------------------------------------------------------------[m
[[1;34mINFO[m] Total time:  0.263 s
[[1;34mINFO[m] Finished at: 2026-03-16T13:39:28+08:00
[[1;34mINFO[m] [1m------------------------------------------------------------------------[m
[[1;31mERROR[m] Failed to execute goal [32morg.apache.maven.plugins:maven-enforcer-plugin:3.5.0:enforce[m [1m(default-cli)[m on project [36maxis-spring-boot-starter[m: [1;31m[m
[[1;31mERROR[m] [1;31mRule 0: org.apache.maven.enforcer.rules.version.RequireMavenVersion failed with message:[m
[[1;31mERROR[m] [1;31mYou are running an older version of Maven. This application requires at least Maven 3.9.9.[m
[[1;31mERROR[m] -> [1m[Help 1][m
[[1;31mERROR[m] 
[[1;31mERROR[m] To see the full stack trace of the errors, re-run Maven with the [1m-e[m switch.
[[1;31mERROR[m] Re-run Maven using the [1m-X[m switch to enable full debug logging.
[[1;31mERROR[m] 
[[1;31mERROR[m] For more information about the errors and possible solutions, please read the following articles:
[[1;31mERROR[m] [1m[Help 1][m http://cwiki.apache.org/confluence/display/MAVEN/MojoExecutionException
[axis-spring-boot-starter/3.5.x] 失败 - 查看日志
[[1;34mINFO[m] Scanning for projects...
[[1;34mINFO[m] 
[[1;34mINFO[m] [1m-------------< [0;36mio.github.hiwepy:axis-spring-boot-starter[0;1m >-------------[m
[[1;34mINFO[m] [1mBuilding io.github.hiwepy:axis-spring-boot-starter 4.0.x.20251227-SNAPSHOT[m
[[1;34mINFO[m] [1m--------------------------------[ jar ]---------------------------------[m
[[1;34mINFO[m] 
[[1;34mINFO[m] [1m--- [0;32mmaven-clean-plugin:3.4.0:clean[m [1m(default-clean)[m @ [36maxis-spring-boot-starter[0;1m ---[m
[[1;34mINFO[m] 
[[1;34mINFO[m] [1m--- [0;32mmaven-enforcer-plugin:3.5.0:enforce[m [1m(default-cli)[m @ [36maxis-spring-boot-starter[0;1m ---[m
[[1;34mINFO[m] Rule 1: org.apache.maven.enforcer.rules.version.RequireJavaVersion passed
[[1;34mINFO[m] [1m------------------------------------------------------------------------[m
[[1;34mINFO[m] [1;31mBUILD FAILURE[m
[[1;34mINFO[m] [1m------------------------------------------------------------------------[m
[[1;34mINFO[m] Total time:  0.249 s
[[1;34mINFO[m] Finished at: 2026-03-16T13:39:29+08:00
[[1;34mINFO[m] [1m------------------------------------------------------------------------[m
[[1;31mERROR[m] Failed to execute goal [32morg.apache.maven.plugins:maven-enforcer-plugin:3.5.0:enforce[m [1m(default-cli)[m on project [36maxis-spring-boot-starter[m: [1;31m[m
[[1;31mERROR[m] [1;31mRule 0: org.apache.maven.enforcer.rules.version.RequireMavenVersion failed with message:[m
[[1;31mERROR[m] [1;31mYou are running an older version of Maven. This application requires at least Maven 3.9.9.[m
[[1;31mERROR[m] -> [1m[Help 1][m
[[1;31mERROR[m] 
[[1;31mERROR[m] To see the full stack trace of the errors, re-run Maven with the [1m-e[m switch.
[[1;31mERROR[m] Re-run Maven using the [1m-X[m switch to enable full debug logging.
[[1;31mERROR[m] 
[[1;31mERROR[m] For more information about the errors and possible solutions, please read the following articles:
[[1;31mERROR[m] [1m[Help 1][m http://cwiki.apache.org/confluence/display/MAVEN/MojoExecutionException
[axis-spring-boot-starter/4.0.x] 失败 - 查看日志
[[1;34mINFO[m] Scanning for projects...
[[1;34mINFO[m] 
[[1;34mINFO[m] [1m-------------< [0;36mio.github.hiwepy:axis-spring-boot-starter[0;1m >-------------[m
[[1;34mINFO[m] [1mBuilding io.github.hiwepy:axis-spring-boot-starter 2.0.1-SNAPSHOT[m
[[1;34mINFO[m] [1m--------------------------------[ jar ]---------------------------------[m
Downloading from aiban-tianyin-core: https://aiban-maven.pkg.coding.net/repository/tianyin/core/org/apache/commons/commons-text/1.9/commons-text-1.9.pom
Progress (1): 3.6/17 kB
Progress (1): 6.5/17 kB
Progress (1): 11/17 kB 
Progress (1): 15/17 kB
Progress (1): 17 kB   
                   
Downloaded from aiban-tianyin-core: https://aiban-maven.pkg.coding.net/repository/tianyin/core/org/apache/commons/commons-text/1.9/commons-text-1.9.pom (17 kB at 26 kB/s)
Downloading from aiban-tianyin-core: https://aiban-maven.pkg.coding.net/repository/tianyin/core/org/apache/commons/commons-parent/51/commons-parent-51.pom
Downloaded from aiban-tianyin-core: https://aiban-maven.pkg.coding.net/repository/tianyin/core/org/apache/commons/commons-parent/51/commons-parent-51.pom (0 B at 0 B/s)
Downloading from aiban-tianyin-core: https://aiban-maven.pkg.coding.net/repository/tianyin/core/org/apache/commons/commons-text/1.9/commons-text-1.9.jar
Progress (1): 2.6 kB
Progress (1): 5.3 kB
Progress (1): 8.2 kB
Progress (1): 11 kB 
Progress (1): 14 kB
Progress (1): 17 kB
Progress (1): 19 kB
Progress (1): 24 kB
Progress (1): 28 kB
Progress (1): 32 kB
Progress (1): 35 kB
Progress (1): 39 kB
Progress (1): 42 kB
Progress (1): 46 kB
Progress (1): 49 kB
Progress (1): 51 kB
Progress (1): 55 kB
Progress (1): 59 kB
Progress (1): 63 kB
Progress (1): 68 kB
Progress (1): 72 kB
Progress (1): 76 kB
Progress (1): 78 kB
Progress (1): 81 kB
Progress (1): 84 kB
Progress (1): 88 kB
Progress (1): 92 kB
Progress (1): 96 kB
Progress (1): 100 kB
Progress (1): 104 kB
Progress (1): 109 kB
Progress (1): 113 kB
Progress (1): 117 kB
Progress (1): 121 kB
Progress (1): 125 kB
Progress (1): 129 kB
Progress (1): 133 kB
Progress (1): 137 kB
Progress (1): 141 kB
Progress (1): 145 kB
Progress (1): 150 kB
Progress (1): 154 kB
Progress (1): 158 kB
Progress (1): 162 kB
Progress (1): 166 kB
Progress (1): 170 kB
Progress (1): 174 kB
Progress (1): 178 kB
Progress (1): 182 kB
Progress (1): 186 kB
Progress (1): 190 kB
Progress (1): 195 kB
Progress (1): 199 kB
Progress (1): 203 kB
Progress (1): 207 kB
Progress (1): 211 kB
Progress (1): 215 kB
Progress (1): 216 kB
                    
Downloaded from aiban-tianyin-core: https://aiban-maven.pkg.coding.net/repository/tianyin/core/org/apache/commons/commons-text/1.9/commons-text-1.9.jar (216 kB at 659 kB/s)
[[1;34mINFO[m] 
[[1;34mINFO[m] [1m--- [0;32mmaven-clean-plugin:3.1.0:clean[m [1m(default-clean)[m @ [36maxis-spring-boot-starter[0;1m ---[m
[[1;34mINFO[m] 
[[1;34mINFO[m] [1m--- [0;32mmaven-enforcer-plugin:3.0.0:enforce[m [1m(default-cli)[m @ [36maxis-spring-boot-starter[0;1m ---[m
[[1;34mINFO[m] 
[[1;34mINFO[m] [1m--- [0;32mmaven-resources-plugin:3.1.0:resources[m [1m(default-resources)[m @ [36maxis-spring-boot-starter[0;1m ---[m
[[1;34mINFO[m] Using 'UTF-8' encoding to copy filtered resources.
[[1;34mINFO[m] skip non existing resourceDirectory /Users/wandl/workspaces/workspace-ddd4j/workspace-ddd4j-boot-starters/axis-spring-boot-starter/src/main/resources
[[1;34mINFO[m] skip non existing resourceDirectory /Users/wandl/workspaces/workspace-ddd4j/workspace-ddd4j-boot-starters/axis-spring-boot-starter/src/main/resources
[[1;34mINFO[m] 
[[1;34mINFO[m] [1m--- [0;32mmaven-compiler-plugin:3.8.1:compile[m [1m(default-compile)[m @ [36maxis-spring-boot-starter[0;1m ---[m
[[1;34mINFO[m] Changes detected - recompiling the module!
[[1;34mINFO[m] Compiling 7 source files to /Users/wandl/workspaces/workspace-ddd4j/workspace-ddd4j-boot-starters/axis-spring-boot-starter/target/classes
[[1;34mINFO[m] /Users/wandl/workspaces/workspace-ddd4j/workspace-ddd4j-boot-starters/axis-spring-boot-starter/src/main/java/org/apache/axis/spring/boot/utils/AxisClientUtils.java: /Users/wandl/workspaces/workspace-ddd4j/workspace-ddd4j-boot-starters/axis-spring-boot-starter/src/main/java/org/apache/axis/spring/boot/utils/AxisClientUtils.java使用或覆盖了已过时的 API。
[[1;34mINFO[m] /Users/wandl/workspaces/workspace-ddd4j/workspace-ddd4j-boot-starters/axis-spring-boot-starter/src/main/java/org/apache/axis/spring/boot/utils/AxisClientUtils.java: 有关详细信息, 请使用 -Xlint:deprecation 重新编译。
[[1;34mINFO[m] 
[[1;34mINFO[m] [1m--- [0;32mmaven-resources-plugin:3.1.0:testResources[m [1m(default-testResources)[m @ [36maxis-spring-boot-starter[0;1m ---[m
[[1;34mINFO[m] Not copying test resources
[[1;34mINFO[m] 
[[1;34mINFO[m] [1m--- [0;32mmaven-compiler-plugin:3.8.1:testCompile[m [1m(default-testCompile)[m @ [36maxis-spring-boot-starter[0;1m ---[m
[[1;34mINFO[m] Not compiling test sources
[[1;34mINFO[m] 
[[1;34mINFO[m] [1m--- [0;32mmaven-surefire-plugin:2.22.1:test[m [1m(default-test)[m @ [36maxis-spring-boot-starter[0;1m ---[m
[[1;34mINFO[m] Tests are skipped.
[[1;34mINFO[m] 
[[1;34mINFO[m] [1m--- [0;32mmaven-jar-plugin:3.1.1:jar[m [1m(default-jar)[m @ [36maxis-spring-boot-starter[0;1m ---[m
[[1;34mINFO[m] Building jar: /Users/wandl/workspaces/workspace-ddd4j/workspace-ddd4j-boot-starters/axis-spring-boot-starter/target/axis-spring-boot-starter-2.0.1-SNAPSHOT.jar
[[1;34mINFO[m] 
[[1;34mINFO[m] [1m--- [0;32mmaven-source-plugin:3.2.1:jar-no-fork[m [1m(attach-sources)[m @ [36maxis-spring-boot-starter[0;1m ---[m
[[1;34mINFO[m] Building jar: /Users/wandl/workspaces/workspace-ddd4j/workspace-ddd4j-boot-starters/axis-spring-boot-starter/target/axis-spring-boot-starter-2.0.1-SNAPSHOT-sources.jar
[[1;34mINFO[m] 
[[1;34mINFO[m] [1m--- [0;32mmaven-install-plugin:2.5.2:install[m [1m(default-install)[m @ [36maxis-spring-boot-starter[0;1m ---[m
[[1;34mINFO[m] Installing /Users/wandl/workspaces/workspace-ddd4j/workspace-ddd4j-boot-starters/axis-spring-boot-starter/target/axis-spring-boot-starter-2.0.1-SNAPSHOT.jar to /Users/wandl/.m2/repository/com/github/hiwepy/axis-spring-boot-starter/2.0.1-SNAPSHOT/axis-spring-boot-starter-2.0.1-SNAPSHOT.jar
[[1;34mINFO[m] Installing /Users/wandl/workspaces/workspace-ddd4j/workspace-ddd4j-boot-starters/axis-spring-boot-starter/pom.xml to /Users/wandl/.m2/repository/com/github/hiwepy/axis-spring-boot-starter/2.0.1-SNAPSHOT/axis-spring-boot-starter-2.0.1-SNAPSHOT.pom
[[1;34mINFO[m] Installing /Users/wandl/workspaces/workspace-ddd4j/workspace-ddd4j-boot-starters/axis-spring-boot-starter/target/axis-spring-boot-starter-2.0.1-SNAPSHOT-sources.jar to /Users/wandl/.m2/repository/com/github/hiwepy/axis-spring-boot-starter/2.0.1-SNAPSHOT/axis-spring-boot-starter-2.0.1-SNAPSHOT-sources.jar
[[1;34mINFO[m] 
[[1;34mINFO[m] [1m--- [0;32mmaven-deploy-plugin:2.8.2:deploy[m [1m(default-deploy)[m @ [36maxis-spring-boot-starter[0;1m ---[m
[[1;34mINFO[m] Using alternate deployment repository maven-snapshots::default::https://packages.aliyun.com/5fdc0afd99b59ba3c5ead757/maven/maven-snapshots
Downloading from maven-snapshots: https://packages.aliyun.com/5fdc0afd99b59ba3c5ead757/maven/maven-snapshots/com/github/hiwepy/axis-spring-boot-starter/2.0.1-SNAPSHOT/maven-metadata.xml
Uploading to maven-snapshots: https://packages.aliyun.com/5fdc0afd99b59ba3c5ead757/maven/maven-snapshots/com/github/hiwepy/axis-spring-boot-starter/2.0.1-SNAPSHOT/axis-spring-boot-starter-2.0.1-20260316.053932-1.jar
Progress (1): 4.1/12 kB
Progress (1): 8.2/12 kB
Progress (1): 12 kB    
                   
Uploaded to maven-snapshots: https://packages.aliyun.com/5fdc0afd99b59ba3c5ead757/maven/maven-snapshots/com/github/hiwepy/axis-spring-boot-starter/2.0.1-SNAPSHOT/axis-spring-boot-starter-2.0.1-20260316.053932-1.jar (12 kB at 9.6 kB/s)
Uploading to maven-snapshots: https://packages.aliyun.com/5fdc0afd99b59ba3c5ead757/maven/maven-snapshots/com/github/hiwepy/axis-spring-boot-starter/2.0.1-SNAPSHOT/axis-spring-boot-starter-2.0.1-20260316.053932-1.pom
Progress (1): 4.1/19 kB
Progress (1): 8.2/19 kB
Progress (1): 12/19 kB 
Progress (1): 16/19 kB
Progress (1): 19 kB   
                   
Uploaded to maven-snapshots: https://packages.aliyun.com/5fdc0afd99b59ba3c5ead757/maven/maven-snapshots/com/github/hiwepy/axis-spring-boot-starter/2.0.1-SNAPSHOT/axis-spring-boot-starter-2.0.1-20260316.053932-1.pom (19 kB at 16 kB/s)
Downloading from maven-snapshots: https://packages.aliyun.com/5fdc0afd99b59ba3c5ead757/maven/maven-snapshots/com/github/hiwepy/axis-spring-boot-starter/maven-metadata.xml
Uploading to maven-snapshots: https://packages.aliyun.com/5fdc0afd99b59ba3c5ead757/maven/maven-snapshots/com/github/hiwepy/axis-spring-boot-starter/2.0.1-SNAPSHOT/maven-metadata.xml
Progress (1): 791 B
                   
Uploaded to maven-snapshots: https://packages.aliyun.com/5fdc0afd99b59ba3c5ead757/maven/maven-snapshots/com/github/hiwepy/axis-spring-boot-starter/2.0.1-SNAPSHOT/maven-metadata.xml (791 B at 807 B/s)
Uploading to maven-snapshots: https://packages.aliyun.com/5fdc0afd99b59ba3c5ead757/maven/maven-snapshots/com/github/hiwepy/axis-spring-boot-starter/maven-metadata.xml
Progress (1): 301 B
                   
Uploaded to maven-snapshots: https://packages.aliyun.com/5fdc0afd99b59ba3c5ead757/maven/maven-snapshots/com/github/hiwepy/axis-spring-boot-starter/maven-metadata.xml (301 B at 304 B/s)
Uploading to maven-snapshots: https://packages.aliyun.com/5fdc0afd99b59ba3c5ead757/maven/maven-snapshots/com/github/hiwepy/axis-spring-boot-starter/2.0.1-SNAPSHOT/axis-spring-boot-starter-2.0.1-20260316.053932-1-sources.jar
Progress (1): 4.1/10 kB
Progress (1): 8.2/10 kB
Progress (1): 10 kB    
                   
Uploaded to maven-snapshots: https://packages.aliyun.com/5fdc0afd99b59ba3c5ead757/maven/maven-snapshots/com/github/hiwepy/axis-spring-boot-starter/2.0.1-SNAPSHOT/axis-spring-boot-starter-2.0.1-20260316.053932-1-sources.jar (10 kB at 10 kB/s)
Uploading to maven-snapshots: https://packages.aliyun.com/5fdc0afd99b59ba3c5ead757/maven/maven-snapshots/com/github/hiwepy/axis-spring-boot-starter/2.0.1-SNAPSHOT/maven-metadata.xml
Progress (1): 1.0 kB
                    
Uploaded to maven-snapshots: https://packages.aliyun.com/5fdc0afd99b59ba3c5ead757/maven/maven-snapshots/com/github/hiwepy/axis-spring-boot-starter/2.0.1-SNAPSHOT/maven-metadata.xml (1.0 kB at 974 B/s)
[[1;34mINFO[m] [1m------------------------------------------------------------------------[m
[[1;34mINFO[m] [1;32mBUILD SUCCESS[m
[[1;34mINFO[m] [1m------------------------------------------------------------------------[m
[[1;34mINFO[m] Total time:  8.853 s
[[1;34mINFO[m] Finished at: 2026-03-16T13:39:38+08:00
[[1;34mINFO[m] [1m------------------------------------------------------------------------[m
[axis-spring-boot-starter/master] 成功
